
CommandNotFoundError: Your shell has not been properly configured to use 'conda activate'.
To initialize your shell, run

    $ conda init <SHELL_NAME>

Currently supported shells are:
  - bash
  - fish
  - tcsh
  - xonsh
  - zsh
  - powershell

See 'conda init --help' for more information and options.

IMPORTANT: You may need to close and restart your shell after running 'conda init'.



CommandNotFoundError: Your shell has not been properly configured to use 'conda activate'.
To initialize your shell, run

    $ conda init <SHELL_NAME>

Currently supported shells are:
  - bash
  - fish
  - tcsh
  - xonsh
  - zsh
  - powershell

See 'conda init --help' for more information and options.

IMPORTANT: You may need to close and restart your shell after running 'conda init'.


slurmstepd-midway2-gpu04: error: *** JOB 12845038 ON midway2-gpu04 CANCELLED AT 2021-08-23T10:00:58 DUE TO TIME LIMIT ***
slurmstepd-midway2-gpu03: error: *** JOB 12845037 ON midway2-gpu03 CANCELLED AT 2021-08-23T10:00:58 DUE TO TIME LIMIT ***
